BandNotificationApp/build/outputs/logs/manifest-merger-debug-report.txt
-- Merging decision tree log ---
manifest
ADDED from Microsoft Band SDK and Samples for Android/BandNotificationApp/AndroidManifest.xml:2:1-31:12
	package
		ADDED from Microsoft Band SDK and Samples for Android/BandNotificationApp/AndroidManifest.xml:3:5-60
	android:versionName
		ADDED from Microsoft Band SDK and Samples for Android/BandNotificationApp/AndroidManifest.xml:5:5-30
		INJECTED from Microsoft Band SDK and Samples for Android/BandNotificationApp/AndroidManifest.xml
		INJECTED from Microsoft Band SDK and Samples for Android/BandNotificationApp/AndroidManifest.xml
	android:versionCode
		ADDED from Microsoft Band SDK and Samples for Android/BandNotificationApp/AndroidManifest.xml:4:5-28
		INJECTED from Microsoft Band SDK and Samples for Android/BandNotificationApp/AndroidManifest.xml
		INJECTED from Microsoft Band SDK and Samples for Android/BandNotificationApp/AndroidManifest.xml
	xmlns:android
		ADDED from Microsoft Band SDK and Samples for Android/BandNotificationApp/AndroidManifest.xml:2:11-69
uses-sdk
ADDED from Microsoft Band SDK and Samples for Android/BandNotificationApp/AndroidManifest.xml:7:5-9:41
	android:targetSdkVersion
		ADDED from Microsoft Band SDK and Samples for Android/BandNotificationApp/AndroidManifest.xml:9:9-38
	android:minSdkVersion
		ADDED from Microsoft Band SDK and Samples for Android/BandNotificationApp/AndroidManifest.xml:8:9-35
uses-permission#android.permission.BLUETOOTH
ADDED from Microsoft Band SDK and Samples for Android/BandNotificationApp/AndroidManifest.xml:11:5-68
	android:name
		ADDED from Microsoft Band SDK and Samples for Android/BandNotificationApp/AndroidManifest.xml:11:22-65
uses-permission#com.microsoft.band.service.access.BIND_BAND_SERVICE
ADDED from Microsoft Band SDK and Samples for Android/BandNotificationApp/AndroidManifest.xml:12:5-91
	android:name
		ADDED from Microsoft Band SDK and Samples for Android/BandNotificationApp/AndroidManifest.xml:12:22-88
application
ADDED from Microsoft Band SDK and Samples for Android/BandNotificationApp/AndroidManifest.xml:14:5-29:19
	android:label
		ADDED from Microsoft Band SDK and Samples for Android/BandNotificationApp/AndroidManifest.xml:17:9-41
	android:allowBackup
		ADDED from Microsoft Band SDK and Samples for Android/BandNotificationApp/AndroidManifest.xml:15:9-35
	android:icon
		ADDED from Microsoft Band SDK and Samples for Android/BandNotificationApp/AndroidManifest.xml:16:9-45
	android:theme
		ADDED from Microsoft Band SDK and Samples for Android/BandNotificationApp/AndroidManifest.xml:18:9-40
activity#com.microsoft.band.sdk.sampleapp.BandNotificationAppActivity
ADDED from Microsoft Band SDK and Samples for Android/BandNotificationApp/AndroidManifest.xml:19:9-28:20
	android:label
		ADDED from Microsoft Band SDK and Samples for Android/BandNotificationApp/AndroidManifest.xml:22:13-45
	android:configChanges
		ADDED from Microsoft Band SDK and Samples for Android/BandNotificationApp/AndroidManifest.xml:21:13-74
	android:name
		ADDED from Microsoft Band SDK and Samples for Android/BandNotificationApp/AndroidManifest.xml:20:13-88
intent-filter#android.intent.action.MAIN+android.intent.category.LAUNCHER
ADDED from Microsoft Band SDK and Samples for Android/BandNotificationApp/AndroidManifest.xml:23:13-27:29
action#android.intent.action.MAIN
ADDED from Microsoft Band SDK and Samples for Android/BandNotificationApp/AndroidManifest.xml:24:17-69
	android:name
		ADDED from Microsoft Band SDK and Samples for Android/BandNotificationApp/AndroidManifest.xml:24:25-66
category#android.intent.category.LAUNCHER
ADDED from Microsoft Band SDK and Samples for Android/BandNotificationApp/AndroidManifest.xml:26:17-77
	android:name
		ADDED from Microsoft Band SDK and Samples for Android/BandNotificationApp/AndroidManifest.xml:26:27-74